Determining if the pthread_create exist failed with the following output:
Change Dir: /home/larrkchlaptop/catkin_ws/src/camlidar_module/build/CMakeFiles/CMakeTmp

Run Build Command:"/usr/bin/make" "cmTC_671c2/fast"
/usr/bin/make -f CMakeFiles/cmTC_671c2.dir/build.make CMakeFiles/cmTC_671c2.dir/build
make[1]: Entering directory '/home/larrkchlaptop/catkin_ws/src/camlidar_module/build/CMakeFiles/CMakeTmp'
Building C object CMakeFiles/cmTC_671c2.dir/CheckSymbolExists.c.o
/usr/bin/x86_64-linux-gnu-gcc-5     -o CMakeFiles/cmTC_671c2.dir/CheckSymbolExists.c.o   -c /home/larrkchlaptop/catkin_ws/src/camlidar_module/build/CMakeFiles/CMakeTmp/CheckSymbolExists.c
Linking C executable cmTC_671c2
/usr/bin/cmake -E cmake_link_script CMakeFiles/cmTC_671c2.dir/link.txt --verbose=1
/usr/bin/x86_64-linux-gnu-gcc-5       CMakeFiles/cmTC_671c2.dir/CheckSymbolExists.c.o  -o cmTC_671c2 -rdynamic 
CMakeFiles/cmTC_671c2.dir/CheckSymbolExists.c.o: In function `main':
CheckSymbolExists.c:(.text+0x16): undefined reference to `pthread_create'
collect2: error: ld returned 1 exit status
CMakeFiles/cmTC_671c2.dir/build.make:97: recipe for target 'cmTC_671c2' failed
make[1]: *** [cmTC_671c2] Error 1
make[1]: Leaving directory '/home/larrkchlaptop/catkin_ws/src/camlidar_module/build/CMakeFiles/CMakeTmp'
Makefile:126: recipe for target 'cmTC_671c2/fast' failed
make: *** [cmTC_671c2/fast] Error 2

File /home/larrkchlaptop/catkin_ws/src/camlidar_module/build/CMakeFiles/CMakeTmp/CheckSymbolExists.c:
/* */
#include <pthread.h>

int main(int argc, char** argv)
{
  (void)argv;
#ifndef pthread_create
  return ((int*)(&pthread_create))[argc];
#else
  (void)argc;
  return 0;
#endif
}

Determining if the function pthread_create exists in the pthreads failed with the following output:
Change Dir: /home/larrkchlaptop/catkin_ws/src/camlidar_module/build/CMakeFiles/CMakeTmp

Run Build Command:"/usr/bin/make" "cmTC_e967d/fast"
/usr/bin/make -f CMakeFiles/cmTC_e967d.dir/build.make CMakeFiles/cmTC_e967d.dir/build
make[1]: Entering directory '/home/larrkchlaptop/catkin_ws/src/camlidar_module/build/CMakeFiles/CMakeTmp'
Building C object CMakeFiles/cmTC_e967d.dir/CheckFunctionExists.c.o
/usr/bin/x86_64-linux-gnu-gcc-5    -DCHECK_FUNCTION_EXISTS=pthread_create   -o CMakeFiles/cmTC_e967d.dir/CheckFunctionExists.c.o   -c /usr/share/cmake-3.5/Modules/CheckFunctionExists.c
Linking C executable cmTC_e967d
/usr/bin/cmake -E cmake_link_script CMakeFiles/cmTC_e967d.dir/link.txt --verbose=1
/usr/bin/x86_64-linux-gnu-gcc-5   -DCHECK_FUNCTION_EXISTS=pthread_create    CMakeFiles/cmTC_e967d.dir/CheckFunctionExists.c.o  -o cmTC_e967d -rdynamic -lpthreads 
/usr/bin/ld: cannot find -lpthreads
collect2: error: ld returned 1 exit status
CMakeFiles/cmTC_e967d.dir/build.make:97: recipe for target 'cmTC_e967d' failed
make[1]: *** [cmTC_e967d] Error 1
make[1]: Leaving directory '/home/larrkchlaptop/catkin_ws/src/camlidar_module/build/CMakeFiles/CMakeTmp'
Makefile:126: recipe for target 'cmTC_e967d/fast' failed
make: *** [cmTC_e967d/fast] Error 2


